Building DAG of jobs...
Using shell: /bin/bash
Provided cores: 4
Rules claiming more threads will be scaled down.
Job stats:
job                     count    min threads    max threads
--------------------  -------  -------------  -------------
GatherFASTAs                1              1              1
OFOG_Representatives        1              1              1
all                         1              1              1
download_UP                 1              1              1
gunzip_UP                   2              1              1
orthofinder                 1              4              4
total                       7              1              4

Select jobs to execute...

[Tue May 28 14:25:52 2024]
rule download_UP:
    output: Data/input/Proteomes/UP000324665.fasta.gz, Data/input/Proteomes/UP000321408.fasta.gz
    jobid: 2
    reason: Missing output files: Data/input/Proteomes/UP000324665.fasta.gz, Data/input/Proteomes/UP000321408.fasta.gz
    resources: tmpdir=/var/folders/qr/vm827mh53sd6708z2k3_tnnrz3fj08/T

[Tue May 28 14:25:54 2024]
Finished job 2.
1 of 7 steps (14%) done
Select jobs to execute...

[Tue May 28 14:25:54 2024]
rule gunzip_UP:
    input: Data/input/Proteomes/UP000324665.fasta.gz
    output: Data/input/Proteomes/UP000324665.fasta
    jobid: 1
    reason: Missing output files: Data/input/Proteomes/UP000324665.fasta; Input files updated by another job: Data/input/Proteomes/UP000324665.fasta.gz
    wildcards: UPID=UP000324665
    resources: tmpdir=/var/folders/qr/vm827mh53sd6708z2k3_tnnrz3fj08/T


[Tue May 28 14:25:54 2024]
rule gunzip_UP:
    input: Data/input/Proteomes/UP000321408.fasta.gz
    output: Data/input/Proteomes/UP000321408.fasta
    jobid: 3
    reason: Missing output files: Data/input/Proteomes/UP000321408.fasta; Input files updated by another job: Data/input/Proteomes/UP000321408.fasta.gz
    wildcards: UPID=UP000321408
    resources: tmpdir=/var/folders/qr/vm827mh53sd6708z2k3_tnnrz3fj08/T

[Tue May 28 14:25:54 2024]
Finished job 1.
2 of 7 steps (29%) done
[Tue May 28 14:25:54 2024]
Finished job 3.
3 of 7 steps (43%) done
Select jobs to execute...

[Tue May 28 14:25:54 2024]
rule orthofinder:
    input: Data/input/Proteomes/UP000324665.fasta, Data/input/Proteomes/UP000321408.fasta
    output: Data/OFResults/Orthogroups.tsv, Data/OFResults/Orthogroups_UnassignedGenes.tsv
    jobid: 5
    reason: Input files updated by another job: Data/input/Proteomes/UP000321408.fasta, Data/input/Proteomes/UP000324665.fasta
    threads: 4
    resources: tmpdir=/var/folders/qr/vm827mh53sd6708z2k3_tnnrz3fj08/T

[Tue May 28 14:33:20 2024]
Finished job 5.
4 of 7 steps (57%) done
Select jobs to execute...

[Tue May 28 14:33:20 2024]
rule OFOG_Representatives:
    input: Data/OFResults/Orthogroups.tsv
    output: Data/OFResults/MultipleSequenceAlignments/OFOG_Representatives.fasta
    jobid: 6
    reason: Input files updated by another job: Data/OFResults/Orthogroups.tsv
    resources: tmpdir=/var/folders/qr/vm827mh53sd6708z2k3_tnnrz3fj08/T


[Tue May 28 14:33:20 2024]
rule GatherFASTAs:
    input: Data/input/Proteomes/UP000324665.fasta, Data/input/Proteomes/UP000321408.fasta
    output: Data/input/AllGenes.fasta
    jobid: 4
    reason: Missing output files: Data/input/AllGenes.fasta; Input files updated by another job: Data/input/Proteomes/UP000321408.fasta, Data/input/Proteomes/UP000324665.fasta
    resources: tmpdir=/var/folders/qr/vm827mh53sd6708z2k3_tnnrz3fj08/T

[Tue May 28 14:33:20 2024]
Finished job 4.
5 of 7 steps (71%) done
[Tue May 28 14:33:53 2024]
Finished job 6.
6 of 7 steps (86%) done
Select jobs to execute...

[Tue May 28 14:33:53 2024]
localrule all:
    input: Data/input/Proteomes/UP000324665.fasta, Data/input/Proteomes/UP000321408.fasta, Data/input/AllGenes.fasta, Data/OFResults/Orthogroups.tsv, Data/OFResults/MultipleSequenceAlignments/OFOG_Representatives.fasta
    jobid: 0
    reason: Input files updated by another job: Data/input/Proteomes/UP000321408.fasta, Data/OFResults/Orthogroups.tsv, Data/input/Proteomes/UP000324665.fasta, Data/OFResults/MultipleSequenceAlignments/OFOG_Representatives.fasta, Data/input/AllGenes.fasta
    resources: tmpdir=/var/folders/qr/vm827mh53sd6708z2k3_tnnrz3fj08/T

[Tue May 28 14:33:53 2024]
Finished job 0.
7 of 7 steps (100%) done
Complete log: .snakemake/log/2024-05-28T142551.916798.snakemake.log
